<?xml version="1.0" encoding="UTF-8"?>
<testng-results ignored="0" total="1" passed="1" failed="0" skipped="0">
  <reporter-output>
  </reporter-output>
  <suite started-at="2020-04-28T14:55:28 IST" name="Default suite" finished-at="2020-04-28T14:55:53 IST" duration-ms="24335">
    <groups>
    </groups>
    <test started-at="2020-04-28T14:55:28 IST" name="Default test" finished-at="2020-04-28T14:55:53 IST" duration-ms="24335">
      <class name="com.emicalculator.EmiCalculator">
        <test-method is-config="true" signature="browsersetup()[pri:0, instance:com.emicalculator.EmiCalculator@1198b989]" started-at="2020-04-28T14:55:28 IST" name="browsersetup" finished-at="2020-04-28T14:55:35 IST" duration-ms="6387" status="PASS">
          <reporter-output>
          </reporter-output>
        </test-method> <!-- browsersetup -->
        <test-method signature="EMITest()[pri:0, instance:com.emicalculator.EmiCalculator@1198b989]" started-at="2020-04-28T14:55:35 IST" name="EMITest" finished-at="2020-04-28T14:55:53 IST" duration-ms="17874" status="PASS">
          <reporter-output>
          </reporter-output>
        </test-method> <!-- EMITest -->
        <test-method is-config="true" signature="teardown()[pri:0, instance:com.emicalculator.EmiCalculator@1198b989]" started-at="2020-04-28T14:55:53 IST" name="teardown" finished-at="2020-04-28T14:55:53 IST" duration-ms="0" status="PASS">
          <reporter-output>
          </reporter-output>
        </test-method> <!-- teardown -->
      </class> <!-- com.emicalculator.EmiCalculator -->
    </test> <!-- Default test -->
  </suite> <!-- Default suite -->
</testng-results>
